# JRE version: OpenJDK Runtime Environment (8.0_242-b01) (build 1.8.0_242-release-1644-b01)
# Java VM: OpenJDK 64-Bit Server VM (25.242-b01 mixed mode windows-amd64 compressed oops)
Heap:
 PSYoungGen      total 467456K, used 18701K [0x00000000e0000000, 0x00000000fea00000, 0x0000000100000000)
  eden space 434176K, 0% used [0x00000000e0000000,0x00000000e0000000,0x00000000fa800000)
  from space 33280K, 56% used [0x00000000fc980000,0x00000000fdbc3568,0x00000000fea00000)
  to   space 33792K, 0% used [0x00000000fa800000,0x00000000fa800000,0x00000000fc900000)
 ParOldGen       total 142336K, used 38422K [0x00000000a0000000, 0x00000000a8b00000, 0x00000000e0000000)
  object space 142336K, 26% used [0x00000000a0000000,0x00000000a2585ae0,0x00000000a8b00000)
 Metaspace       used 99469K, capacity 106998K, committed 109736K, reserved 1144832K
  class space    used 12595K, capacity 13897K, committed 14512K, reserved 1048576K
GC Heap History (10 events):
Event: 15701.651 GC heap after
Heap after GC invocations=51 (full 8):
 PSYoungGen      total 468480K, used 13099K [0x00000000e0000000, 0x00000000feb00000, 0x0000000100000000)
  eden space 432640K, 0% used [0x00000000e0000000,0x00000000e0000000,0x00000000fa680000)
  from space 35840K, 36% used [0x00000000fa680000,0x00000000fb34ae38,0x00000000fc980000)
  to   space 34304K, 0% used [0x00000000fc980000,0x00000000fc980000,0x00000000feb00000)
 ParOldGen       total 142336K, used 44115K [0x00000000a0000000, 0x00000000a8b00000, 0x00000000e0000000)
  object space 142336K, 30% used [0x00000000a0000000,0x00000000a2b14f50,0x00000000a8b00000)
 Metaspace       used 100837K, capacity 109296K, committed 109736K, reserved 1144832K
  class space    used 12852K, capacity 14322K, committed 14512K, reserved 1048576K
}
Event: 16356.656 GC heap before
{Heap before GC invocations=52 (full 8):
 PSYoungGen      total 468480K, used 445739K [0x00000000e0000000, 0x00000000feb00000, 0x0000000100000000)
  eden space 432640K, 100% used [0x00000000e0000000,0x00000000fa680000,0x00000000fa680000)
  from space 35840K, 36% used [0x00000000fa680000,0x00000000fb34ae38,0x00000000fc980000)
  to   space 34304K, 0% used [0x00000000fc980000,0x00000000fc980000,0x00000000feb00000)
 ParOldGen       total 142336K, used 44115K [0x00000000a0000000, 0x00000000a8b00000, 0x00000000e0000000)
  object space 142336K, 30% used [0x00000000a0000000,0x00000000a2b14f50,0x00000000a8b00000)
 Metaspace       used 100893K, capacity 109360K, committed 109736K, reserved 1144832K
  class space    used 12853K, capacity 14322K, committed 14512K, reserved 1048576K
Event: 16356.788 GC heap after
Heap after GC invocations=52 (full 8):
 PSYoungGen      total 467456K, used 10450K [0x00000000e0000000, 0x00000000fea00000, 0x0000000100000000)
  eden space 434176K, 0% used [0x00000000e0000000,0x00000000e0000000,0x00000000fa800000)
  from space 33280K, 31% used [0x00000000fc980000,0x00000000fd3b4aa0,0x00000000fea00000)
  to   space 33792K, 0% used [0x00000000fa800000,0x00000000fa800000,0x00000000fc900000)
 ParOldGen       total 142336K, used 44123K [0x00000000a0000000, 0x00000000a8b00000, 0x00000000e0000000)
  object space 142336K, 30% used [0x00000000a0000000,0x00000000a2b16f50,0x00000000a8b00000)
 Metaspace       used 100893K, capacity 109360K, committed 109736K, reserved 1144832K
  class space    used 12853K, capacity 14322K, committed 14512K, reserved 1048576K
}
Event: 18653.094 GC heap before
{Heap before GC invocations=53 (full 8):
 PSYoungGen      total 467456K, used 153363K [0x00000000e0000000, 0x00000000fea00000, 0x0000000100000000)
  eden space 434176K, 32% used [0x00000000e0000000,0x00000000e8b90210,0x00000000fa800000)
  from space 33280K, 31% used [0x00000000fc980000,0x00000000fd3b4aa0,0x00000000fea00000)
  to   space 33792K, 0% used [0x00000000fa800000,0x00000000fa800000,0x00000000fc900000)
 ParOldGen       total 142336K, used 44123K [0x00000000a0000000, 0x00000000a8b00000, 0x00000000e0000000)
  object space 142336K, 30% used [0x00000000a0000000,0x00000000a2b16f50,0x00000000a8b00000)
 Metaspace       used 100919K, capacity 109424K, committed 109736K, reserved 1144832K
  class space    used 12854K, capacity 14322K, committed 14512K, reserved 1048576K
Event: 18653.103 GC heap after
Heap after GC invocations=53 (full 8):
 PSYoungGen      total 467968K, used 1947K [0x00000000e0000000, 0x00000000feb00000, 0x0000000100000000)
  eden space 434176K, 0% used [0x00000000e0000000,0x00000000e0000000,0x00000000fa800000)
  from space 33792K, 5% used [0x00000000fa800000,0x00000000fa9e6e40,0x00000000fc900000)
  to   space 34304K, 0% used [0x00000000fc980000,0x00000000fc980000,0x00000000feb00000)
 ParOldGen       total 142336K, used 44131K [0x00000000a0000000, 0x00000000a8b00000, 0x00000000e0000000)
  object space 142336K, 31% used [0x00000000a0000000,0x00000000a2b18f50,0x00000000a8b00000)
 Metaspace       used 100919K, capacity 109424K, committed 109736K, reserved 1144832K
  class space    used 12854K, capacity 14322K, committed 14512K, reserved 1048576K
}
Event: 18653.103 GC heap before
{Heap before GC invocations=54 (full 9):
 PSYoungGen      total 467968K, used 1947K [0x00000000e0000000, 0x00000000feb00000, 0x0000000100000000)
  eden space 434176K, 0% used [0x00000000e0000000,0x00000000e0000000,0x00000000fa800000)
  from space 33792K, 5% used [0x00000000fa800000,0x00000000fa9e6e40,0x00000000fc900000)
  to   space 34304K, 0% used [0x00000000fc980000,0x00000000fc980000,0x00000000feb00000)
 ParOldGen       total 142336K, used 44131K [0x00000000a0000000, 0x00000000a8b00000, 0x00000000e0000000)
  object space 142336K, 31% used [0x00000000a0000000,0x00000000a2b18f50,0x00000000a8b00000)
 Metaspace       used 100919K, capacity 109424K, committed 109736K, reserved 1144832K
  class space    used 12854K, capacity 14322K, committed 14512K, reserved 1048576K
Event: 18654.117 GC heap after
Heap after GC invocations=54 (full 9):
 PSYoungGen      total 467968K, used 0K [0x00000000e0000000, 0x00000000feb00000, 0x0000000100000000)
  eden space 434176K, 0% used [0x00000000e0000000,0x00000000e0000000,0x00000000fa800000)
  from space 33792K, 0% used [0x00000000fa800000,0x00000000fa800000,0x00000000fc900000)
  to   space 34304K, 0% used [0x00000000fc980000,0x00000000fc980000,0x00000000feb00000)
 ParOldGen       total 142336K, used 38422K [0x00000000a0000000, 0x00000000a8b00000, 0x00000000e0000000)
  object space 142336K, 26% used [0x00000000a0000000,0x00000000a2585ae0,0x00000000a8b00000)
 Metaspace       used 98838K, capacity 106014K, committed 109736K, reserved 1144832K
  class space    used 12509K, capacity 13735K, committed 14512K, reserved 1048576K
}
Event: 25519.747 GC heap before
{Heap before GC invocations=55 (full 9):
 PSYoungGen      total 467968K, used 236040K [0x00000000e0000000, 0x00000000feb00000, 0x0000000100000000)
  eden space 434176K, 54% used [0x00000000e0000000,0x00000000ee682008,0x00000000fa800000)
  from space 33792K, 0% used [0x00000000fa800000,0x00000000fa800000,0x00000000fc900000)
  to   space 34304K, 0% used [0x00000000fc980000,0x00000000fc980000,0x00000000feb00000)
 ParOldGen       total 142336K, used 38422K [0x00000000a0000000, 0x00000000a8b00000, 0x00000000e0000000)
  object space 142336K, 26% used [0x00000000a0000000,0x00000000a2585ae0,0x00000000a8b00000)
 Metaspace       used 99469K, capacity 106998K, committed 109736K, reserved 1144832K
  class space    used 12595K, capacity 13897K, committed 14512K, reserved 1048576K
Event: 25519.791 GC heap after
Heap after GC invocations=55 (full 9):
 PSYoungGen      total 467456K, used 18701K [0x00000000e0000000, 0x00000000fea00000, 0x0000000100000000)
  eden space 434176K, 0% used [0x00000000e0000000,0x00000000e0000000,0x00000000fa800000)
  from space 33280K, 56% used [0x00000000fc980000,0x00000000fdbc3568,0x00000000fea00000)
  to   space 33792K, 0% used [0x00000000fa800000,0x00000000fa800000,0x00000000fc900000)
 ParOldGen       total 142336K, used 38422K [0x00000000a0000000, 0x00000000a8b00000, 0x00000000e0000000)
  object space 142336K, 26% used [0x00000000a0000000,0x00000000a2585ae0,0x00000000a8b00000)
 Metaspace       used 99469K, capacity 106998K, committed 109736K, reserved 1144832K
  class space    used 12595K, capacity 13897K, committed 14512K, reserved 1048576K
}
Event: 25519.792 GC heap before
{Heap before GC invocations=56 (full 10):
 PSYoungGen      total 467456K, used 18701K [0x00000000e0000000, 0x00000000fea00000, 0x0000000100000000)
  eden space 434176K, 0% used [0x00000000e0000000,0x00000000e0000000,0x00000000fa800000)
  from space 33280K, 56% used [0x00000000fc980000,0x00000000fdbc3568,0x00000000fea00000)
  to   space 33792K, 0% used [0x00000000fa800000,0x00000000fa800000,0x00000000fc900000)
 ParOldGen       total 142336K, used 38422K [0x00000000a0000000, 0x00000000a8b00000, 0x00000000e0000000)
  object space 142336K, 26% used [0x00000000a0000000,0x00000000a2585ae0,0x00000000a8b00000)
 Metaspace       used 99469K, capacity 106998K, committed 109736K, reserved 1144832K
  class space    used 12595K, capacity 13897K, committed 14512K, reserved 1048576K

